Using pre-set license
Built from '2020.3/staging' branch; Version is '2020.3.16f1 (049d6eca3c44) revision 302446'; Using compiler version '192528614'; Build Type 'Release'
OS: 'Windows 10 Enterprise; OS build 19042.928; Version 2009; 64bit' Language: 'en' Physical Memory: 16212 MB
BatchMode: 1, IsHumanControllingUs: 0, StartBugReporterOnCrash: 0, Is64bit: 1, IsPro: 0

 COMMAND LINE ARGUMENTS:
C:\Program Files\Unity\Hub\Editor\2020.3.16f1\Editor\Unity.exe
-adb2
-batchMode
-noUpm
-name
AssetImportWorker0
-projectPath
C:/Users/xnoble/August 31- Game Dev
-logFile
Logs/AssetImportWorker0.log
-srvPort
56458
Successfully changed project path to: C:/Users/xnoble/August 31- Game Dev
C:/Users/xnoble/August 31- Game Dev
Using Asset Import Pipeline V2.
Refreshing native plugins compatible for Editor in 99.99 ms, found 2 plugins.
Preloading 0 native plugins for Editor in 0.00 ms.
Initialize engine version: 2020.3.16f1 (049d6eca3c44)
[Subsystems] Discovering subsystems at path C:/Program Files/Unity/Hub/Editor/2020.3.16f1/Editor/Data/Resources/UnitySubsystems
[Subsystems] Discovering subsystems at path C:/Users/xnoble/August 31- Game Dev/Assets
GfxDevice: creating device client; threaded=0
Direct3D:
    Version:  Direct3D 11.0 [level 11.1]
    Renderer: Intel(R) UHD Graphics 620 (ID=0x5917)
    Vendor:   
    VRAM:     8106 MB
    Driver:   27.20.100.8681
Initialize mono
Mono path[0] = 'C:/Program Files/Unity/Hub/Editor/2020.3.16f1/Editor/Data/Managed'
Mono path[1] = 'C:/Program Files/Unity/Hub/Editor/2020.3.16f1/Editor/Data/MonoBleedingEdge/lib/mono/unityjit'
Mono config path = 'C:/Program Files/Unity/Hub/Editor/2020.3.16f1/Editor/Data/MonoBleedingEdge/etc'
Using monoOptions --debugger-agent=transport=dt_socket,embedding=1,server=y,suspend=n,address=127.0.0.1:56056
Begin MonoManager ReloadAssembly
Registering precompiled unity dll's ...
Register platform support module: C:/Program Files/Unity/Hub/Editor/2020.3.16f1/Editor/Data/PlaybackEngines/WebGLSupport/UnityEditor.WebGL.Extensions.dll
Register platform support module: C:/Program Files/Unity/Hub/Editor/2020.3.16f1/Editor/Data/PlaybackEngines/WindowsStandaloneSupport/UnityEditor.WindowsStandalone.Extensions.dll
Registered in 0.039701 seconds.
Native extension for WindowsStandalone target not found
Native extension for WebGL target not found
Refreshing native plugins compatible for Editor in 200.09 ms, found 2 plugins.
Preloading 0 native plugins for Editor in 0.00 ms.
Mono: successfully reloaded assembly
- Completed reload, in 10.603 seconds
Domain Reload Profiling:
	ReloadAssembly (10605ms)
		BeginReloadAssembly (135ms)
			ExecutionOrderSort (0ms)
			DisableScriptedObjects (0ms)
			BackupInstance (0ms)
			ReleaseScriptingObjects (0ms)
			CreateAndSetChildDomain (4ms)
		EndReloadAssembly (3286ms)
			LoadAssemblies (125ms)
			RebuildTransferFunctionScriptingTraits (0ms)
			SetupTypeCache (1201ms)
			ReleaseScriptCaches (0ms)
			RebuildScriptCaches (327ms)
			SetupLoadedEditorAssemblies (1064ms)
				LogAssemblyErrors (0ms)
				InitializePlatformSupportModulesInManaged (55ms)
				SetLoadedEditorAssemblies (3ms)
				RefreshPlugins (201ms)
				BeforeProcessingInitializeOnLoad (117ms)
				ProcessInitializeOnLoadAttributes (491ms)
				ProcessInitializeOnLoadMethodAttributes (196ms)
				AfterProcessingInitializeOnLoad (0ms)
				EditorAssembliesLoaded (1ms)
			ExecutionOrderSort2 (0ms)
			AwakeInstancesAfterBackupRestoration (0ms)
Platform modules already initialized, skipping
Registering precompiled user dll's ...
Registered in 0.081763 seconds.
Begin MonoManager ReloadAssembly
Native extension for WindowsStandalone target not found
Native extension for WebGL target not found
Refreshing native plugins compatible for Editor in 0.77 ms, found 2 plugins.
Preloading 0 native plugins for Editor in 0.00 ms.
Mono: successfully reloaded assembly
- Completed reload, in  8.444 seconds
Domain Reload Profiling:
	ReloadAssembly (8447ms)
		BeginReloadAssembly (1258ms)
			ExecutionOrderSort (0ms)
			DisableScriptedObjects (37ms)
			BackupInstance (0ms)
			ReleaseScriptingObjects (0ms)
			CreateAndSetChildDomain (143ms)
		EndReloadAssembly (6603ms)
			LoadAssemblies (537ms)
			RebuildTransferFunctionScriptingTraits (0ms)
			SetupTypeCache (2313ms)
			ReleaseScriptCaches (3ms)
			RebuildScriptCaches (230ms)
			SetupLoadedEditorAssemblies (2845ms)
				LogAssemblyErrors (0ms)
				InitializePlatformSupportModulesInManaged (19ms)
				SetLoadedEditorAssemblies (1ms)
				RefreshPlugins (1ms)
				BeforeProcessingInitializeOnLoad (370ms)
				ProcessInitializeOnLoadAttributes (2376ms)
				ProcessInitializeOnLoadMethodAttributes (31ms)
				AfterProcessingInitializeOnLoad (45ms)
				EditorAssembliesLoaded (2ms)
			ExecutionOrderSort2 (0ms)
			AwakeInstancesAfterBackupRestoration (38ms)
Platform modules already initialized, skipping
========================================================================
Worker process is ready to serve import requests
Launched and connected shader compiler UnityShaderCompiler.exe after 0.43 seconds
Refreshing native plugins compatible for Editor in 1.80 ms, found 2 plugins.
Preloading 0 native plugins for Editor in 0.00 ms.
Unloading 1399 Unused Serialized files (Serialized files now loaded: 0)
System memory in use before: 65.1 MB.
System memory in use after: 65.1 MB.

Unloading 18 unused Assets to reduce memory usage. Loaded Objects now: 1833.
Total: 21.292100 ms (FindLiveObjects: 0.812600 ms CreateObjectMapping: 0.315300 ms MarkObjects: 19.719600 ms  DeleteObjects: 0.437200 ms)

AssetImportParameters requested are different than current active one (requested -> active):
  custom:framework-win-MediaFoundation: 216162199b28c13a410421893ffa2e32 -> 
  custom:video-decoder-ogg-theora: a1e56fd34408186e4bbccfd4996cb3dc -> 
  custom:container-muxer-webm: aa71ff27fc2769a1b78a27578f13a17b -> 
  custom:container-demuxer-webm: 4f35f7cbe854078d1ac9338744f61a02 -> 
  custom:container-demuxer-ogg: 62fdf1f143b41e24485cea50d1cbac27 -> 
  custom:video-encoder-webm-vp8: eb34c28f22e8b96e1ab97ce403110664 -> 
  custom:video-decoder-webm-vp8: 9c59270c3fd7afecdb556c50c9e8de78 -> 
  custom:audio-decoder-ogg-vorbis: bf7c407c2cedff20999df2af8eb42d56 -> 
  custom:audio-encoder-webm-vorbis: bf7c407c2cedff20999df2af8eb42d56 -> 
========================================================================
Received Import Request.
  path: Assets/Scenes/Main Menu.unity
  artifactKey: Guid(3a8444b189880de4cb6f6d650bcb87c4) Importer(815301076,1909f56bfc062723c751e8b465ee728b)
Start importing Assets/Scenes/Main Menu.unity using Guid(3a8444b189880de4cb6f6d650bcb87c4) Importer(815301076,1909f56bfc062723c751e8b465ee728b)  -> (artifact id: '671fbfce56a31ea97bf0061d44ec408d') in 0.083349 seconds 
  Import took 0.097124 seconds .

========================================================================
Received Import Request.
  Time since last request: 406.273089 seconds.
  path: Assets/Scripts/NewBehaviourScript.cs
  artifactKey: Guid(1571dd142c9d01a42b59b5d8a2621eac) Importer(815301076,1909f56bfc062723c751e8b465ee728b)
Start importing Assets/Scripts/NewBehaviourScript.cs using Guid(1571dd142c9d01a42b59b5d8a2621eac) Importer(815301076,1909f56bfc062723c751e8b465ee728b)  -> (artifact id: 'd2a84001e774bb1835c66e240d3f3f4e') in 0.136190 seconds 
  Import took 0.139537 seconds .

========================================================================
Received Prepare
Registering precompiled user dll's ...
Registered in 0.011193 seconds.
Begin MonoManager ReloadAssembly
Native extension for WindowsStandalone target not found
Native extension for WebGL target not found
Refreshing native plugins compatible for Editor in 0.52 ms, found 2 plugins.
Preloading 0 native plugins for Editor in 0.00 ms.
Mono: successfully reloaded assembly
- Completed reload, in  4.963 seconds
Domain Reload Profiling:
	ReloadAssembly (4964ms)
		BeginReloadAssembly (151ms)
			ExecutionOrderSort (0ms)
			DisableScriptedObjects (6ms)
			BackupInstance (0ms)
			ReleaseScriptingObjects (0ms)
			CreateAndSetChildDomain (41ms)
		EndReloadAssembly (4723ms)
			LoadAssemblies (165ms)
			RebuildTransferFunctionScriptingTraits (0ms)
			SetupTypeCache (1623ms)
			ReleaseScriptCaches (4ms)
			RebuildScriptCaches (357ms)
			SetupLoadedEditorAssemblies (2128ms)
				LogAssemblyErrors (0ms)
				InitializePlatformSupportModulesInManaged (11ms)
				SetLoadedEditorAssemblies (1ms)
				RefreshPlugins (1ms)
				BeforeProcessingInitializeOnLoad (184ms)
				ProcessInitializeOnLoadAttributes (1807ms)
				ProcessInitializeOnLoadMethodAttributes (34ms)
				AfterProcessingInitializeOnLoad (87ms)
				EditorAssembliesLoaded (3ms)
			ExecutionOrderSort2 (0ms)
			AwakeInstancesAfterBackupRestoration (73ms)
Platform modules already initialized, skipping
Refreshing native plugins compatible for Editor in 3.70 ms, found 2 plugins.
Preloading 0 native plugins for Editor in 0.00 ms.
Unloading 1394 Unused Serialized files (Serialized files now loaded: 0)
System memory in use before: 64.9 MB.
System memory in use after: 65.0 MB.

Unloading 13 unused Assets to reduce memory usage. Loaded Objects now: 1836.
Total: 30.289300 ms (FindLiveObjects: 1.521000 ms CreateObjectMapping: 0.588900 ms MarkObjects: 28.020900 ms  DeleteObjects: 0.150000 ms)

AssetImportParameters requested are different than current active one (requested -> active):
  custom:framework-win-MediaFoundation: 216162199b28c13a410421893ffa2e32 -> 
  custom:video-decoder-ogg-theora: a1e56fd34408186e4bbccfd4996cb3dc -> 
  custom:container-muxer-webm: aa71ff27fc2769a1b78a27578f13a17b -> 
  custom:container-demuxer-webm: 4f35f7cbe854078d1ac9338744f61a02 -> 
  custom:container-demuxer-ogg: 62fdf1f143b41e24485cea50d1cbac27 -> 
  custom:video-encoder-webm-vp8: eb34c28f22e8b96e1ab97ce403110664 -> 
  custom:video-decoder-webm-vp8: 9c59270c3fd7afecdb556c50c9e8de78 -> 
  custom:audio-decoder-ogg-vorbis: bf7c407c2cedff20999df2af8eb42d56 -> 
  custom:audio-encoder-webm-vorbis: bf7c407c2cedff20999df2af8eb42d56 -> 
========================================================================
Received Prepare
Registering precompiled user dll's ...
Registered in 0.012646 seconds.
Begin MonoManager ReloadAssembly
Native extension for WindowsStandalone target not found
Native extension for WebGL target not found
Refreshing native plugins compatible for Editor in 0.51 ms, found 2 plugins.
Preloading 0 native plugins for Editor in 0.00 ms.
Mono: successfully reloaded assembly
- Completed reload, in  3.401 seconds
Domain Reload Profiling:
	ReloadAssembly (3401ms)
		BeginReloadAssembly (156ms)
			ExecutionOrderSort (0ms)
			DisableScriptedObjects (5ms)
			BackupInstance (0ms)
			ReleaseScriptingObjects (0ms)
			CreateAndSetChildDomain (50ms)
		EndReloadAssembly (3107ms)
			LoadAssemblies (474ms)
			RebuildTransferFunctionScriptingTraits (0ms)
			SetupTypeCache (832ms)
			ReleaseScriptCaches (2ms)
			RebuildScriptCaches (80ms)
			SetupLoadedEditorAssemblies (1275ms)
				LogAssemblyErrors (0ms)
				InitializePlatformSupportModulesInManaged (26ms)
				SetLoadedEditorAssemblies (1ms)
				RefreshPlugins (1ms)
				BeforeProcessingInitializeOnLoad (92ms)
				ProcessInitializeOnLoadAttributes (1111ms)
				ProcessInitializeOnLoadMethodAttributes (21ms)
				AfterProcessingInitializeOnLoad (24ms)
				EditorAssembliesLoaded (1ms)
			ExecutionOrderSort2 (0ms)
			AwakeInstancesAfterBackupRestoration (22ms)
Platform modules already initialized, skipping
Refreshing native plugins compatible for Editor in 0.37 ms, found 2 plugins.
Preloading 0 native plugins for Editor in 0.00 ms.
Unloading 1393 Unused Serialized files (Serialized files now loaded: 0)
System memory in use before: 64.9 MB.
System memory in use after: 65.0 MB.

Unloading 14 unused Assets to reduce memory usage. Loaded Objects now: 1837.
Total: 4.403900 ms (FindLiveObjects: 0.205900 ms CreateObjectMapping: 0.052500 ms MarkObjects: 4.116400 ms  DeleteObjects: 0.026000 ms)

AssetImportParameters requested are different than current active one (requested -> active):
  custom:framework-win-MediaFoundation: 216162199b28c13a410421893ffa2e32 -> 
  custom:video-decoder-ogg-theora: a1e56fd34408186e4bbccfd4996cb3dc -> 
  custom:container-muxer-webm: aa71ff27fc2769a1b78a27578f13a17b -> 
  custom:container-demuxer-webm: 4f35f7cbe854078d1ac9338744f61a02 -> 
  custom:container-demuxer-ogg: 62fdf1f143b41e24485cea50d1cbac27 -> 
  custom:video-encoder-webm-vp8: eb34c28f22e8b96e1ab97ce403110664 -> 
  custom:video-decoder-webm-vp8: 9c59270c3fd7afecdb556c50c9e8de78 -> 
  custom:audio-decoder-ogg-vorbis: bf7c407c2cedff20999df2af8eb42d56 -> 
  custom:audio-encoder-webm-vorbis: bf7c407c2cedff20999df2af8eb42d56 -> 
========================================================================
Received Import Request.
  Time since last request: 50.869405 seconds.
  path: Assets/Scripts/MenuScript.cs
  artifactKey: Guid(23e415bb8eb7872418ea8f2feef75162) Importer(815301076,1909f56bfc062723c751e8b465ee728b)
Start importing Assets/Scripts/MenuScript.cs using Guid(23e415bb8eb7872418ea8f2feef75162) Importer(815301076,1909f56bfc062723c751e8b465ee728b)  -> (artifact id: '8f9acfcfa72f603a03daa0852c2f5dbb') in 0.006578 seconds 
  Import took 0.010274 seconds .

========================================================================
Received Import Request.
  Time since last request: 667.198212 seconds.
  path: Assets/Materials/branchleaves.mat
  artifactKey: Guid(b74dba6271e961b42a8ee1a4529dbda3) Importer(815301076,1909f56bfc062723c751e8b465ee728b)
Start importing Assets/Materials/branchleaves.mat using Guid(b74dba6271e961b42a8ee1a4529dbda3) Importer(815301076,1909f56bfc062723c751e8b465ee728b)  -> (artifact id: 'a46157822e0ec4786cf1bdc56d3e0dd8') in 0.126900 seconds 
  Import took 0.130799 seconds .

========================================================================
Received Import Request.
  Time since last request: 0.000382 seconds.
  path: Assets/Materials/brick_wall2-disp-512.mat
  artifactKey: Guid(f53f03d2894083f479a74cd087c6f3f0) Importer(815301076,1909f56bfc062723c751e8b465ee728b)
Start importing Assets/Materials/brick_wall2-disp-512.mat using Guid(f53f03d2894083f479a74cd087c6f3f0) Importer(815301076,1909f56bfc062723c751e8b465ee728b)  -> (artifact id: '167d560dcee3d7ab449c24618fb527c1') in 0.017980 seconds 
  Import took 0.021109 seconds .

========================================================================
Received Import Request.
  Time since last request: 0.000420 seconds.
  path: Assets/Materials/branchleaves.mat
  artifactKey: Guid(b74dba6271e961b42a8ee1a4529dbda3) Importer(815301076,1909f56bfc062723c751e8b465ee728b)
Start importing Assets/Materials/branchleaves.mat using Guid(b74dba6271e961b42a8ee1a4529dbda3) Importer(815301076,1909f56bfc062723c751e8b465ee728b)  -> (artifact id: 'a46157822e0ec4786cf1bdc56d3e0dd8') in 0.013837 seconds 
  Import took 0.017017 seconds .

========================================================================
Received Import Request.
  Time since last request: 0.000461 seconds.
  path: Assets/Materials/brick_wall2-disp-512.mat
  artifactKey: Guid(f53f03d2894083f479a74cd087c6f3f0) Importer(815301076,1909f56bfc062723c751e8b465ee728b)
Start importing Assets/Materials/brick_wall2-disp-512.mat using Guid(f53f03d2894083f479a74cd087c6f3f0) Importer(815301076,1909f56bfc062723c751e8b465ee728b)  -> (artifact id: '167d560dcee3d7ab449c24618fb527c1') in 0.013446 seconds 
  Import took 0.016827 seconds .

========================================================================
Received Import Request.
  Time since last request: 3.331133 seconds.
  path: Assets/Materials/clover 1.mat
  artifactKey: Guid(4f2bb47a5ef236a4e969c173e9281596) Importer(815301076,1909f56bfc062723c751e8b465ee728b)
Start importing Assets/Materials/clover 1.mat using Guid(4f2bb47a5ef236a4e969c173e9281596) Importer(815301076,1909f56bfc062723c751e8b465ee728b)  -> (artifact id: '755ff8aa37947376369519b24693e4f9') in 0.076006 seconds 
  Import took 0.104048 seconds .

========================================================================
Received Import Request.
  Time since last request: 0.313863 seconds.
  path: Assets/Materials/crate_ao.mat
  artifactKey: Guid(30f07040dbae26e4294dd01b5774bdb4) Importer(815301076,1909f56bfc062723c751e8b465ee728b)
Start importing Assets/Materials/crate_ao.mat using Guid(30f07040dbae26e4294dd01b5774bdb4) Importer(815301076,1909f56bfc062723c751e8b465ee728b)  -> (artifact id: '40aa8abe66a32b69cd2339273fe6d506') in 0.070665 seconds 
  Import took 0.083136 seconds .

========================================================================
Received Import Request.
  Time since last request: 0.000755 seconds.
  path: Assets/Materials/crate_normal.mat
  artifactKey: Guid(196f4f091645b664fbc803bad43d5bc9) Importer(815301076,1909f56bfc062723c751e8b465ee728b)
Start importing Assets/Materials/crate_normal.mat using Guid(196f4f091645b664fbc803bad43d5bc9) Importer(815301076,1909f56bfc062723c751e8b465ee728b)  -> (artifact id: 'beb4d6f4e9546eec90f28f0bd9c014eb') in 0.045822 seconds 
  Import took 0.053475 seconds .

========================================================================
Received Import Request.
  Time since last request: 0.000759 seconds.
  path: Assets/Materials/crate_ao.mat
  artifactKey: Guid(30f07040dbae26e4294dd01b5774bdb4) Importer(815301076,1909f56bfc062723c751e8b465ee728b)
Start importing Assets/Materials/crate_ao.mat using Guid(30f07040dbae26e4294dd01b5774bdb4) Importer(815301076,1909f56bfc062723c751e8b465ee728b)  -> (artifact id: '40aa8abe66a32b69cd2339273fe6d506') in 0.023550 seconds 
  Import took 0.029834 seconds .

========================================================================
Received Import Request.
  Time since last request: 0.000651 seconds.
  path: Assets/Materials/crate_normal.mat
  artifactKey: Guid(196f4f091645b664fbc803bad43d5bc9) Importer(815301076,1909f56bfc062723c751e8b465ee728b)
Start importing Assets/Materials/crate_normal.mat using Guid(196f4f091645b664fbc803bad43d5bc9) Importer(815301076,1909f56bfc062723c751e8b465ee728b)  -> (artifact id: 'beb4d6f4e9546eec90f28f0bd9c014eb') in 0.021497 seconds 
  Import took 0.025976 seconds .

========================================================================
Received Import Request.
  Time since last request: 1.742819 seconds.
  path: Assets/Materials/EvergreenBush_S.mat
  artifactKey: Guid(82c8283966943b544a1326a66f5a440a) Importer(815301076,1909f56bfc062723c751e8b465ee728b)
Start importing Assets/Materials/EvergreenBush_S.mat using Guid(82c8283966943b544a1326a66f5a440a) Importer(815301076,1909f56bfc062723c751e8b465ee728b)  -> (artifact id: '926f3ccb2c460a6d35e2c1dcddca7bbf') in 0.066046 seconds 
  Import took 0.081537 seconds .

========================================================================
Received Import Request.
  Time since last request: 0.001791 seconds.
  path: Assets/Materials/grassdirt-big.mat
  artifactKey: Guid(0e44c92329689434980764abfac5e366) Importer(815301076,1909f56bfc062723c751e8b465ee728b)
Start importing Assets/Materials/grassdirt-big.mat using Guid(0e44c92329689434980764abfac5e366) Importer(815301076,1909f56bfc062723c751e8b465ee728b)  -> (artifact id: 'fd2b13efde03ba217f2a63036fe13ce9') in 0.075591 seconds 
  Import took 0.090535 seconds .

========================================================================
Received Import Request.
  Time since last request: 0.001285 seconds.
  path: Assets/Materials/grass2.mat
  artifactKey: Guid(3649cfddf9ed3ed4caf79534797b014f) Importer(815301076,1909f56bfc062723c751e8b465ee728b)
Start importing Assets/Materials/grass2.mat using Guid(3649cfddf9ed3ed4caf79534797b014f) Importer(815301076,1909f56bfc062723c751e8b465ee728b)  -> (artifact id: '337bec3f63b1eaf44789f3ea1eec5866') in 0.043486 seconds 
  Import took 0.055154 seconds .

========================================================================
Received Import Request.
  Time since last request: 0.182889 seconds.
  path: Assets/Materials/grasslight-big.mat
  artifactKey: Guid(16a1c654895c9044c856d373e137036c) Importer(815301076,1909f56bfc062723c751e8b465ee728b)
Start importing Assets/Materials/grasslight-big.mat using Guid(16a1c654895c9044c856d373e137036c) Importer(815301076,1909f56bfc062723c751e8b465ee728b)  -> (artifact id: '78ba3490d74cf4c639d30aa1aba161d8') in 0.045156 seconds 
  Import took 0.054574 seconds .

========================================================================
Received Import Request.
  Time since last request: 0.000946 seconds.
  path: Assets/Materials/grasspurpleflowers.mat
  artifactKey: Guid(0d9311b8d5af202408632691792ee69c) Importer(815301076,1909f56bfc062723c751e8b465ee728b)
Start importing Assets/Materials/grasspurpleflowers.mat using Guid(0d9311b8d5af202408632691792ee69c) Importer(815301076,1909f56bfc062723c751e8b465ee728b)  -> (artifact id: 'b8ea84a6da843323a9291b186f632bf0') in 0.032772 seconds 
  Import took 0.040263 seconds .

========================================================================
Received Import Request.
  Time since last request: 0.441463 seconds.
  path: Assets/Materials/groundcover.mat
  artifactKey: Guid(3cf3d932a2b2cc14d93fbacc1b50f51c) Importer(815301076,1909f56bfc062723c751e8b465ee728b)
Start importing Assets/Materials/groundcover.mat using Guid(3cf3d932a2b2cc14d93fbacc1b50f51c) Importer(815301076,1909f56bfc062723c751e8b465ee728b)  -> (artifact id: 'c23828a21d8b421e45f057e804581f1f') in 0.051465 seconds 
  Import took 0.065290 seconds .

========================================================================
Received Import Request.
  Time since last request: 0.001360 seconds.
  path: Assets/Materials/LongLeaves_S.mat
  artifactKey: Guid(4805de518cfbeee47bc5ef6b5441d564) Importer(815301076,1909f56bfc062723c751e8b465ee728b)
Start importing Assets/Materials/LongLeaves_S.mat using Guid(4805de518cfbeee47bc5ef6b5441d564) Importer(815301076,1909f56bfc062723c751e8b465ee728b)  -> (artifact id: '199aad8d5d27292d444f4849aa107072') in 0.064133 seconds 
  Import took 0.078425 seconds .

========================================================================
Received Prepare
Registering precompiled user dll's ...
Registered in 0.014802 seconds.
Begin MonoManager ReloadAssembly
Native extension for WindowsStandalone target not found
Native extension for WebGL target not found
Refreshing native plugins compatible for Editor in 0.56 ms, found 2 plugins.
Preloading 0 native plugins for Editor in 0.00 ms.
Mono: successfully reloaded assembly
- Completed reload, in  2.172 seconds
Domain Reload Profiling:
	ReloadAssembly (2173ms)
		BeginReloadAssembly (214ms)
			ExecutionOrderSort (0ms)
			DisableScriptedObjects (8ms)
			BackupInstance (0ms)
			ReleaseScriptingObjects (0ms)
			CreateAndSetChildDomain (63ms)
		EndReloadAssembly (1818ms)
			LoadAssemblies (205ms)
			RebuildTransferFunctionScriptingTraits (0ms)
			SetupTypeCache (576ms)
			ReleaseScriptCaches (1ms)
			RebuildScriptCaches (81ms)
			SetupLoadedEditorAssemblies (768ms)
				LogAssemblyErrors (0ms)
				InitializePlatformSupportModulesInManaged (13ms)
				SetLoadedEditorAssemblies (1ms)
				RefreshPlugins (1ms)
				BeforeProcessingInitializeOnLoad (142ms)
				ProcessInitializeOnLoadAttributes (588ms)
				ProcessInitializeOnLoadMethodAttributes (8ms)
				AfterProcessingInitializeOnLoad (15ms)
				EditorAssembliesLoaded (1ms)
			ExecutionOrderSort2 (0ms)
			AwakeInstancesAfterBackupRestoration (15ms)
Platform modules already initialized, skipping
Refreshing native plugins compatible for Editor in 0.56 ms, found 2 plugins.
Preloading 0 native plugins for Editor in 0.00 ms.
Unloading 1393 Unused Serialized files (Serialized files now loaded: 0)
System memory in use before: 68.3 MB.
System memory in use after: 68.4 MB.

Unloading 13 unused Assets to reduce memory usage. Loaded Objects now: 1879.
Total: 5.237300 ms (FindLiveObjects: 0.230200 ms CreateObjectMapping: 0.101800 ms MarkObjects: 4.870600 ms  DeleteObjects: 0.031800 ms)

AssetImportParameters requested are different than current active one (requested -> active):
  custom:framework-win-MediaFoundation: 216162199b28c13a410421893ffa2e32 -> 
  custom:video-decoder-ogg-theora: a1e56fd34408186e4bbccfd4996cb3dc -> 
  custom:container-muxer-webm: aa71ff27fc2769a1b78a27578f13a17b -> 
  custom:container-demuxer-webm: 4f35f7cbe854078d1ac9338744f61a02 -> 
  custom:container-demuxer-ogg: 62fdf1f143b41e24485cea50d1cbac27 -> 
  custom:video-encoder-webm-vp8: eb34c28f22e8b96e1ab97ce403110664 -> 
  custom:video-decoder-webm-vp8: 9c59270c3fd7afecdb556c50c9e8de78 -> 
  custom:audio-decoder-ogg-vorbis: bf7c407c2cedff20999df2af8eb42d56 -> 
  custom:audio-encoder-webm-vorbis: bf7c407c2cedff20999df2af8eb42d56 -> 
========================================================================
Received Prepare
Registering precompiled user dll's ...
Registered in 0.032274 seconds.
Begin MonoManager ReloadAssembly
Native extension for WindowsStandalone target not found
Native extension for WebGL target not found
Refreshing native plugins compatible for Editor in 2.27 ms, found 2 plugins.
Preloading 0 native plugins for Editor in 0.00 ms.
Mono: successfully reloaded assembly
- Completed reload, in  4.604 seconds
Domain Reload Profiling:
	ReloadAssembly (4605ms)
		BeginReloadAssembly (211ms)
			ExecutionOrderSort (0ms)
			DisableScriptedObjects (9ms)
			BackupInstance (0ms)
			ReleaseScriptingObjects (0ms)
			CreateAndSetChildDomain (56ms)
		EndReloadAssembly (4273ms)
			LoadAssemblies (175ms)
			RebuildTransferFunctionScriptingTraits (0ms)
			SetupTypeCache (1103ms)
			ReleaseScriptCaches (1ms)
			RebuildScriptCaches (122ms)
			SetupLoadedEditorAssemblies (1885ms)
				LogAssemblyErrors (0ms)
				InitializePlatformSupportModulesInManaged (59ms)
				SetLoadedEditorAssemblies (5ms)
				RefreshPlugins (3ms)
				BeforeProcessingInitializeOnLoad (320ms)
				ProcessInitializeOnLoadAttributes (1389ms)
				ProcessInitializeOnLoadMethodAttributes (37ms)
				AfterProcessingInitializeOnLoad (71ms)
				EditorAssembliesLoaded (2ms)
			ExecutionOrderSort2 (0ms)
			AwakeInstancesAfterBackupRestoration (66ms)
Platform modules already initialized, skipping
Refreshing native plugins compatible for Editor in 1.29 ms, found 2 plugins.
Preloading 0 native plugins for Editor in 0.00 ms.
Unloading 1393 Unused Serialized files (Serialized files now loaded: 0)
System memory in use before: 68.3 MB.
System memory in use after: 68.4 MB.

Unloading 13 unused Assets to reduce memory usage. Loaded Objects now: 1881.
Total: 14.993800 ms (FindLiveObjects: 0.585300 ms CreateObjectMapping: 0.517500 ms MarkObjects: 13.781700 ms  DeleteObjects: 0.101000 ms)

AssetImportParameters requested are different than current active one (requested -> active):
  custom:framework-win-MediaFoundation: 216162199b28c13a410421893ffa2e32 -> 
  custom:video-decoder-ogg-theora: a1e56fd34408186e4bbccfd4996cb3dc -> 
  custom:container-muxer-webm: aa71ff27fc2769a1b78a27578f13a17b -> 
  custom:container-demuxer-webm: 4f35f7cbe854078d1ac9338744f61a02 -> 
  custom:container-demuxer-ogg: 62fdf1f143b41e24485cea50d1cbac27 -> 
  custom:video-encoder-webm-vp8: eb34c28f22e8b96e1ab97ce403110664 -> 
  custom:video-decoder-webm-vp8: 9c59270c3fd7afecdb556c50c9e8de78 -> 
  custom:audio-decoder-ogg-vorbis: bf7c407c2cedff20999df2af8eb42d56 -> 
  custom:audio-encoder-webm-vorbis: bf7c407c2cedff20999df2af8eb42d56 -> 
